<?xml version="1.0" encoding="UTF-8"?>
<coverage generated="1708013113010" clover="3.2.0">
  <project timestamp="1708013113010" name="All files">
    <metrics statements="17" coveredstatements="15" conditionals="6" coveredconditionals="4" methods="7" coveredmethods="7" elements="30" coveredelements="26" complexity="0" loc="17" ncloc="17" packages="1" files="3" classes="3"/>
    <file name="Daemon.js" path="C:\mycode\Netology\сайты\-ArrayBuffer--Task_1\src\js\Daemon.js">
      <metrics statements="2" coveredstatements="2" conditionals="0" coveredconditionals="0" methods="1" coveredmethods="1"/>
      <line num="5" count="1" type="stmt"/>
      <line num="6" count="1" type="stmt"/>
    </file>
    <file name="Magician.js" path="C:\mycode\Netology\сайты\-ArrayBuffer--Task_1\src\js\Magician.js">
      <metrics statements="2" coveredstatements="2" conditionals="0" coveredconditionals="0" methods="1" coveredmethods="1"/>
      <line num="5" count="1" type="stmt"/>
      <line num="6" count="1" type="stmt"/>
    </file>
    <file name="MathCalc.js" path="C:\mycode\Netology\сайты\-ArrayBuffer--Task_1\src\js\MathCalc.js">
      <metrics statements="13" coveredstatements="11" conditionals="6" coveredconditionals="4" methods="5" coveredmethods="5"/>
      <line num="4" count="4" type="stmt"/>
      <line num="5" count="4" type="stmt"/>
      <line num="9" count="1" type="stmt"/>
      <line num="13" count="4" type="stmt"/>
      <line num="17" count="2" type="stmt"/>
      <line num="21" count="4" type="stmt"/>
      <line num="22" count="4" type="cond" truecount="1" falsecount="1"/>
      <line num="23" count="0" type="stmt"/>
      <line num="26" count="4" type="cond" truecount="1" falsecount="1"/>
      <line num="27" count="0" type="stmt"/>
      <line num="28" count="4" type="cond" truecount="2" falsecount="0"/>
      <line num="29" count="1" type="stmt"/>
      <line num="31" count="3" type="stmt"/>
    </file>
  </project>
</coverage>
