{"C:\\mycode\\Netology\\сайты\\-ArrayBuffer--Task_1\\src\\js\\Daemon.js": {"path":"C:\\mycode\\Netology\\сайты\\-ArrayBuffer--Task_1\\src\\js\\Daemon.js","statementMap":{"0":{"start":{"line":5,"column":4},"end":{"line":5,"column":28}},"1":{"start":{"line":6,"column":4},"end":{"line":6,"column":21}}},"fnMap":{"0":{"name":"(anonymous_0)","decl":{"start":{"line":4,"column":2},"end":{"line":4,"column":3}},"loc":{"start":{"line":4,"column":38},"end":{"line":7,"column":3}},"line":4}},"branchMap":{},"s":{"0":1,"1":1},"f":{"0":1},"b":{},"_coverageSchema":"1a1c01bbd47fc00a2c39e90264f33305004495a9","hash":"de230c6a947dba92bd59466255b2c7928f6bd60b"}
,"C:\\mycode\\Netology\\сайты\\-ArrayBuffer--Task_1\\src\\js\\Magician.js": {"path":"C:\\mycode\\Netology\\сайты\\-ArrayBuffer--Task_1\\src\\js\\Magician.js","statementMap":{"0":{"start":{"line":5,"column":4},"end":{"line":5,"column":28}},"1":{"start":{"line":6,"column":4},"end":{"line":6,"column":21}}},"fnMap":{"0":{"name":"(anonymous_0)","decl":{"start":{"line":4,"column":2},"end":{"line":4,"column":3}},"loc":{"start":{"line":4,"column":38},"end":{"line":7,"column":3}},"line":4}},"branchMap":{},"s":{"0":1,"1":1},"f":{"0":1},"b":{},"_coverageSchema":"1a1c01bbd47fc00a2c39e90264f33305004495a9","hash":"6223e24f1550d9f212abb603827eb7f9405d8554"}
,"C:\\mycode\\Netology\\сайты\\-ArrayBuffer--Task_1\\src\\js\\MathCalc.js": {"path":"C:\\mycode\\Netology\\сайты\\-ArrayBuffer--Task_1\\src\\js\\MathCalc.js","statementMap":{"0":{"start":{"line":4,"column":4},"end":{"line":4,"column":29}},"1":{"start":{"line":5,"column":4},"end":{"line":5,"column":25}},"2":{"start":{"line":9,"column":4},"end":{"line":9,"column":25}},"3":{"start":{"line":13,"column":4},"end":{"line":13,"column":24}},"4":{"start":{"line":17,"column":4},"end":{"line":17,"column":24}},"5":{"start":{"line":21,"column":15},"end":{"line":21,"column":53}},"6":{"start":{"line":22,"column":4},"end":{"line":24,"column":5}},"7":{"start":{"line":23,"column":6},"end":{"line":23,"column":43}},"8":{"start":{"line":26,"column":4},"end":{"line":32,"column":5}},"9":{"start":{"line":27,"column":6},"end":{"line":27,"column":25}},"10":{"start":{"line":28,"column":11},"end":{"line":32,"column":5}},"11":{"start":{"line":29,"column":6},"end":{"line":29,"column":38}},"12":{"start":{"line":31,"column":6},"end":{"line":31,"column":23}}},"fnMap":{"0":{"name":"(anonymous_0)","decl":{"start":{"line":3,"column":2},"end":{"line":3,"column":3}},"loc":{"start":{"line":3,"column":32},"end":{"line":6,"column":3}},"line":3},"1":{"name":"(anonymous_1)","decl":{"start":{"line":8,"column":2},"end":{"line":8,"column":3}},"loc":{"start":{"line":8,"column":20},"end":{"line":10,"column":3}},"line":8},"2":{"name":"(anonymous_2)","decl":{"start":{"line":12,"column":2},"end":{"line":12,"column":3}},"loc":{"start":{"line":12,"column":15},"end":{"line":14,"column":3}},"line":12},"3":{"name":"(anonymous_3)","decl":{"start":{"line":16,"column":2},"end":{"line":16,"column":3}},"loc":{"start":{"line":16,"column":15},"end":{"line":18,"column":3}},"line":16},"4":{"name":"(anonymous_4)","decl":{"start":{"line":20,"column":2},"end":{"line":20,"column":3}},"loc":{"start":{"line":20,"column":20},"end":{"line":33,"column":3}},"line":20}},"branchMap":{"0":{"loc":{"start":{"line":22,"column":4},"end":{"line":24,"column":5}},"type":"if","locations":[{"start":{"line":22,"column":4},"end":{"line":24,"column":5}},{"start":{},"end":{}}],"line":22},"1":{"loc":{"start":{"line":26,"column":4},"end":{"line":32,"column":5}},"type":"if","locations":[{"start":{"line":26,"column":4},"end":{"line":32,"column":5}},{"start":{"line":28,"column":11},"end":{"line":32,"column":5}}],"line":26},"2":{"loc":{"start":{"line":28,"column":11},"end":{"line":32,"column":5}},"type":"if","locations":[{"start":{"line":28,"column":11},"end":{"line":32,"column":5}},{"start":{"line":30,"column":11},"end":{"line":32,"column":5}}],"line":28}},"s":{"0":4,"1":4,"2":1,"3":4,"4":2,"5":4,"6":4,"7":0,"8":4,"9":0,"10":4,"11":1,"12":3},"f":{"0":4,"1":1,"2":4,"3":2,"4":4},"b":{"0":[0,4],"1":[0,4],"2":[1,3]},"_coverageSchema":"1a1c01bbd47fc00a2c39e90264f33305004495a9","hash":"ea226a7cf11d9bbb5566319524c4972a18a1f871"}
}
