TN:
SF:src\js\Daemon.js
FN:4,(anonymous_0)
FNF:1
FNH:1
FNDA:1,(anonymous_0)
DA:5,1
DA:6,1
LF:2
LH:2
BRF:0
BRH:0
end_of_record
TN:
SF:src\js\Magician.js
FN:4,(anonymous_0)
FNF:1
FNH:1
FNDA:1,(anonymous_0)
DA:5,1
DA:6,1
LF:2
LH:2
BRF:0
BRH:0
end_of_record
TN:
SF:src\js\MathCalc.js
FN:3,(anonymous_0)
FN:8,(anonymous_1)
FN:12,(anonymous_2)
FN:16,(anonymous_3)
FN:20,(anonymous_4)
FNF:5
FNH:5
FNDA:5,(anonymous_0)
FNDA:1,(anonymous_1)
FNDA:7,(anonymous_2)
FNDA:3,(anonymous_3)
FNDA:7,(anonymous_4)
DA:4,5
DA:5,5
DA:9,1
DA:13,7
DA:17,3
DA:21,7
DA:22,7
DA:23,1
DA:26,7
DA:27,2
DA:28,5
DA:29,2
DA:31,3
LF:13
LH:13
BRDA:22,0,0,1
BRDA:22,0,1,6
BRDA:26,1,0,2
BRDA:26,1,1,5
BRDA:28,2,0,2
BRDA:28,2,1,3
BRF:6
BRH:6
end_of_record
